\BOOKMARK [1][-]{section*.2}{\376\377\000I\000.\000\040\000K\000H\000\301\000I\000\040\000N\000I\036\306\000M}{}% 1
\BOOKMARK [2][-]{subsection.3}{\376\377\000Q\000u\000y\000\040\000h\000o\036\241\000c\000h\000\040\000t\000u\000y\036\277\000n\000\040\000t\000\355\000n\000h}{section*.2}% 2
\BOOKMARK [2][-]{subsection.4}{\376\377\000M\036\331\000t\000\040\000s\036\321\000\040\000k\000h\000\341\000i\000\040\000n\000i\036\307\000m\000\040\000k\000h\000\341\000c\000\040\000l\000i\000\352\000n\000\040\000q\000u\000a\000n}{section*.2}% 3
\BOOKMARK [2][-]{subsection.5}{\376\377\000M\036\331\000t\000\040\000s\036\321\000\040\000n\000h\036\255\000n\000\040\000x\000\351\000t\000\040\000q\000u\000a\000n\000\040\000t\000r\036\315\000n\000g}{section*.2}% 4
\BOOKMARK [2][-]{subsection.6}{\376\377\000B\000\340\000i\000\040\000t\000o\000\341\000n\000\040\000t\000h\036\361\000c\000\040\000t\036\277\000:}{section*.2}% 5
\BOOKMARK [3][-]{subsubsection.7}{\376\377\000B\000\340\000i\000\040\000t\000o\000\341\000n\000\040\000s\036\243\000n\000\040\000x\000u\036\245\000t}{subsection.6}% 6
\BOOKMARK [3][-]{subsubsection.8}{\376\377\000B\000\340\000i\000\040\000t\000o\000\341\000n\000\040\000v\036\255\000n\000\040\000t\036\243\000i\000:}{subsection.6}% 7
\BOOKMARK [3][-]{subsubsection.9}{\376\377\000B\000\340\000i\000\040\000t\000o\000\341\000n\000\040\000k\000h\036\251\000u\000\040\000p\000h\036\247\000n\000\040\001\003\000n\000:}{subsection.6}% 8
\BOOKMARK [1][-]{section*.10}{\376\377\000I\000I\000.\000\040\000C\001\240\000\040\000S\036\336\000\040\000L\000\335\000\040\000T\000H\000U\000Y\036\276\000T}{}% 9
\BOOKMARK [2][-]{subsection.11}{\376\377\000B\000\340\000i\000\040\000t\000o\000\341\000n\000\040\000q\000u\000y\000\040\000h\000o\036\241\000c\000h\000\040\000t\000u\000y\036\277\000n\000\040\000t\000\355\000n\000h}{section*.10}% 10
\BOOKMARK [2][-]{subsection.12}{\376\377\000C\000\341\000c\000\040\000d\036\241\000n\000g\000\040\000b\000\340\000i\000\040\000t\000o\000\341\000n\000\040\000q\000u\000y\000\040\000h\000o\036\241\000c\000h\000\040\000t\000u\000y\036\277\000n\000\040\000t\000\355\000n\000h}{section*.10}% 11
\BOOKMARK [3][-]{subsubsection.13}{\376\377\000B\000\340\000i\000\040\000t\000o\000\341\000n\000\040\000q\000u\000y\000\040\000h\000o\036\241\000c\000h\000\040\000t\000u\000y\036\277\000n\000\040\000t\000\355\000n\000h\000\040\000d\036\241\000n\000g\000\040\000t\036\325\000n\000g\000\040\000q\000u\000\341\000t}{subsection.12}% 12
\BOOKMARK [3][-]{subsubsection.15}{\376\377\000B\000\340\000i\000\040\000t\000o\000\341\000n\000\040\000q\000u\000y\000\040\000h\000o\036\241\000c\000h\000\040\000t\000u\000y\036\277\000n\000\040\000t\000\355\000n\000h\000\040\000d\036\241\000n\000g\000\040\000c\000h\000\355\000n\000h\000\040\000t\036\257\000c}{subsection.12}% 13
\BOOKMARK [3][-]{subsubsection.17}{\376\377\000B\000\340\000i\000\040\000t\000o\000\341\000n\000\040\000q\000u\000y\000\040\000h\000o\036\241\000c\000h\000\040\000t\000u\000y\036\277\000n\000\040\000t\000\355\000n\000h\000\040\000d\036\241\000n\000g\000\040\000c\000h\000\355\000n\000h\000\040\000t\036\257\000c\000\040\000c\000h\000u\036\251\000n}{subsection.12}% 14
\BOOKMARK [2][-]{subsection.20}{\376\377\000\040\000T\000h\000u\036\255\000t\000\040\000t\000o\000\341\000n\000\040\000t\000\354\000m\000\040\000p\000h\001\260\001\241\000n\000g\000\040\000p\000h\000\341\000p\000\040\000t\036\321\000i\000\040\001\260\000u\000\040\000t\000u\000y\036\277\000n\000\040\000t\000\355\000n\000h}{section*.10}% 15
\BOOKMARK [3][-]{subsubsection.21}{\376\377\000P\000h\001\260\001\241\000n\000g\000\040\000p\000h\000\341\000p\000\040\000h\000\354\000n\000h\000\040\000h\036\315\000c}{subsection.20}% 16
\BOOKMARK [4][-]{paragraph.22}{\376\377\000T\000h\000u\036\255\000t\000\040\000t\000o\000\341\000n\000:}{subsubsection.21}% 17
\BOOKMARK [4][-]{paragraph.23}{\376\377\000V\000\355\000\040\000d\036\345\000\040\000m\000i\000n\000h\000\040\000h\000o\036\241\000:}{subsubsection.21}% 18
\BOOKMARK [4][-]{paragraph.25}{\376\377\000N\000h\036\255\000n\000\040\000x\000\351\000t\000:}{subsubsection.21}% 19
\BOOKMARK [3][-]{subsubsection.26}{\376\377\000T\000h\000u\036\255\000t\000\040\000t\000o\000\341\000n\000\040\001\021\001\241\000n\000\040\000h\000\354\000n\000h\000\040\000-\000\040\000S\000i\000m\000p\000l\000e\000x\000\040\000m\000e\000t\000h\000o\000d}{subsection.20}% 20
\BOOKMARK [4][-]{paragraph.27}{\376\377\000T\000h\000u\036\255\000t\000\040\000t\000o\000\341\000n\000:}{subsubsection.26}% 21
\BOOKMARK [4][-]{paragraph.29}{\376\377\000V\000\355\000\040\000d\036\345\000\040\000m\000i\000n\000h\000\040\000h\000o\036\241\000:}{subsubsection.26}% 22
\BOOKMARK [4][-]{paragraph.38}{\376\377\000N\000h\036\255\000n\000\040\000x\000\351\000t\000:}{subsubsection.26}% 23
\BOOKMARK [3][-]{subsubsection.39}{\376\377\000P\000h\001\260\001\241\000n\000g\000\040\000p\000h\000\341\000p\000\040\001\021\036\321\000i\000\040\000n\000g\036\253\000u\000:}{subsection.20}% 24
\BOOKMARK [4][-]{paragraph.40}{\376\377\000T\000h\000u\036\255\000t\000\040\000t\000o\000\341\000n\000:}{subsubsection.39}% 25
\BOOKMARK [4][-]{paragraph.43}{\376\377\000V\000\355\000\040\000d\036\345\000\040\000m\000i\000n\000h\000\040\000h\000o\036\241\000:}{subsubsection.39}% 26
\BOOKMARK [4][-]{paragraph.44}{\376\377\000N\000h\036\255\000n\000\040\000x\000\351\000t\000:}{subsubsection.39}% 27
\BOOKMARK [1][-]{section*.45}{\376\377\000I\000I\000I\000.\000\040\000P\000H\036\246\000N\000\040\000M\036\300\000M\000\040\000T\000\314\000M\000\040\000P\000H\001\257\001\240\000N\000G\000\040\000\301\000N\000\040\000T\036\320\000I\000\040\001\257\000U\000\040\000C\000H\000O\000\040\000B\000\300\000I\000\040\000T\000O\000\301\000N\000\040\000V\036\254\000N\000\040\000T\036\242\000I}{}% 28
\BOOKMARK [2][-]{subsection.46}{\376\377\000B\000\340\000i\000\040\000t\000o\000\341\000n\000\040\000v\036\255\000n\000\040\000t\036\243\000i\000:}{section*.45}% 29
\BOOKMARK [3][-]{subsubsection.48}{\376\377\000P\000h\001\260\001\241\000n\000g\000\040\000\341\000n\000\040\000c\036\361\000c\000\040\000b\000i\000\352\000n\000\040\000c\001\241\000\040\000b\036\243\000n\000:}{subsection.46}% 30
\BOOKMARK [3][-]{subsubsection.49}{\376\377\000P\000h\001\260\001\241\000n\000g\000\040\000p\000h\000\341\000p\000\040\000T\000\342\000y\000\040\000B\036\257\000c\000:}{subsection.46}% 31
\BOOKMARK [3][-]{subsubsection.51}{\376\377\000P\000h\001\260\001\241\000n\000g\000\040\000p\000h\000\341\000p\000\040\000c\001\260\036\333\000c\000\040\000p\000h\000\355\000\040\000n\000h\036\317\000\040\000n\000h\036\245\000t\000:}{subsection.46}% 32
\BOOKMARK [3][-]{subsubsection.53}{\376\377\000T\000h\000u\036\255\000t\000\040\000t\000o\000\341\000n\000\040\000t\000h\036\277\000\040\000v\036\313\000:}{subsection.46}% 33
\BOOKMARK [2][-]{subsection.62}{\376\377\001\020\000o\036\241\000n\000\040\000C\000o\000d\000e\000\040\000h\000i\036\307\000n\000\040\000t\000h\036\361\000c\000\040\000t\000r\000\352\000n\000\040\000p\000h\036\247\000n\000\040\000m\036\301\000m\000\040\000M\000a\000t\000l\000a\000b\000\040\000c\000h\000o\000\040\000b\000\340\000i\000\040\000t\000o\000\341\000n\000\040\000v\036\255\000n\000\040\000t\036\243\000i}{section*.45}% 34
\BOOKMARK [3][-]{subsubsection.63}{\376\377\000C\000o\000d\000e\000\040\000M\000a\000t\000l\000a\000b\000:}{subsection.62}% 35
\BOOKMARK [4][-]{paragraph.302}{\376\377\000G\000i\000\341\000\040\000t\000r\036\313\000\040\001\021\036\247\000u\000\040\000v\000\340\000o\000\040\000t\000h\036\351\000\040\000n\000h\036\245\000t}{subsubsection.63}% 36
\BOOKMARK [4][-]{paragraph.303}{\376\377\000K\036\277\000t\000\040\000q\000u\036\243\000\040\000t\000h\000u\000\040\001\021\001\260\036\343\000c\000:}{subsubsection.63}% 37
\BOOKMARK [4][-]{paragraph.311}{\376\377\000G\000i\000\341\000\040\000t\000r\036\313\000\040\001\021\036\247\000u\000\040\000v\000\340\000o\000\040\000t\000h\036\351\000\040\000h\000a\000i}{subsubsection.63}% 38
\BOOKMARK [4][-]{paragraph.312}{\376\377\000K\036\277\000t\000\040\000q\000u\036\243\000\040\000t\000h\000u\000\040\001\021\001\260\036\343\000c\000:}{subsubsection.63}% 39
\BOOKMARK [1][-]{figure.caption.313}{\376\377\000I\000V\000.\000\040\000N\000g\000u\036\323\000n\000\040\000t\000r\000\355\000c\000h\000\040\000d\036\253\000n}{}% 40
